<?xml version="1.0" encoding="UTF-8"?>
<!-- Generated by org.testng.reporters.JUnitReportReporter -->
<testsuite hostname="Balakrishnas-MacBook-Pro.local" name="TestNGConcepts.NewTest" tests="2" failures="0" timestamp="3 Oct 2019 18:18:46 GMT" time="7.351" errors="0">
  <testcase name="Gmail" time="3.585" classname="TestNGConcepts.NewTest"/>
  <testcase name="pagetitle" time="3.766" classname="TestNGConcepts.NewTest"/>
</testsuite> <!-- TestNGConcepts.NewTest -->
