<?xml version="1.0" encoding="UTF-8"?>
<!-- Generated by org.testng.reporters.JUnitReportReporter -->
<testsuite hostname="Balakrishnas-MacBook-Pro.local" name="TestNGConcepts.IgnoreAnnotations" tests="4" failures="0" timestamp="4 Oct 2019 23:52:43 GMT" time="0.034" errors="0">
  <testcase name="test1" time="0.020" classname="TestNGConcepts.IgnoreAnnotations"/>
  <testcase name="test4" time="0.003" classname="TestNGConcepts.IgnoreAnnotations"/>
  <testcase name="test2" time="0.005" classname="TestNGConcepts.IgnoreAnnotations"/>
  <testcase name="test3" time="0.006" classname="TestNGConcepts.IgnoreAnnotations"/>
</testsuite> <!-- TestNGConcepts.IgnoreAnnotations -->
